<?xml version="1.0" encoding="UTF-8"?>
<!-- Generated by org.testng.reporters.JUnitReportReporter -->
<testsuite hostname="OmSaiSamarth" failures="0" tests="1" name="com.tcs.loan.bikeloan.testcases.GetProjectByID_TC" time="2.512" errors="0" timestamp="2024-01-13T12:46:40 IST" skipped="0">
  <testcase classname="com.tcs.loan.bikeloan.testcases.GetProjectByID_TC" name="tc_001_getProjectByInvalidId" time="2.512"/>
  <system-out/>
</testsuite> <!-- com.tcs.loan.bikeloan.testcases.GetProjectByID_TC -->
