<?xml version="1.0" encoding="UTF-8"?>
<!-- Generated by org.testng.reporters.JUnitReportReporter -->
<testsuite hostname="OmSaiSamarth" failures="0" tests="1" name="com.tcs.loan.bikeloan.testcases.GetProjectByID_TC" time="1.945" errors="0" timestamp="2023-12-17T10:04:51 IST" skipped="0">
  <testcase classname="com.tcs.loan.bikeloan.testcases.GetProjectByID_TC" name="tc_001_getProjectByInvalidId" time="1.945"/>
  <system-out/>
</testsuite> <!-- com.tcs.loan.bikeloan.testcases.GetProjectByID_TC -->
