<?xml version="1.0" encoding="UTF-8"?>
<!-- Generated by org.testng.reporters.JUnitReportReporter -->
<testsuite hostname="OmSaiSamarth" failures="0" tests="1" name="com.tcs.loan.bikeloan.testcases.GetAllProjects_TC" time="2.082" errors="0" timestamp="2023-12-17T10:04:09 IST" skipped="0">
  <testcase classname="com.tcs.loan.bikeloan.testcases.GetAllProjects_TC" name="tc_001_getAllProjects" time="2.082"/>
  <system-out/>
</testsuite> <!-- com.tcs.loan.bikeloan.testcases.GetAllProjects_TC -->
