<?xml version="1.0" encoding="UTF-8"?>
<!-- Generated by org.testng.reporters.JUnitReportReporter -->
<testsuite hostname="OmSaiSamarth" failures="0" tests="4" name="com.tcs.loan.bikeloan.businesslogic.CreateNewProject_BL" time="6.005" errors="0" timestamp="2023-12-23T10:18:41 IST" skipped="3">
  <testcase classname="com.tcs.loan.bikeloan.businesslogic.CreateNewProject_BL" name="createProject" time="6.005"/>
  <system-out/>
  <testcase classname="com.tcs.loan.bikeloan.businesslogic.CreateNewProject_BL" name="createProjectWithEmptyKey">
    <skipped/>
  </testcase> <!-- createProjectWithEmptyKey -->
  <system-out/>
  <testcase classname="com.tcs.loan.bikeloan.businesslogic.CreateNewProject_BL" name="createProjectWithNullKey">
    <skipped/>
  </testcase> <!-- createProjectWithNullKey -->
  <system-out/>
  <testcase classname="com.tcs.loan.bikeloan.businesslogic.CreateNewProject_BL" name="createProjectWithKeyStartingSmallLetter">
    <skipped/>
  </testcase> <!-- createProjectWithKeyStartingSmallLetter -->
  <system-out/>
</testsuite> <!-- com.tcs.loan.bikeloan.businesslogic.CreateNewProject_BL -->
