<?xml version="1.0" encoding="UTF-8"?>
<!-- Generated by org.testng.reporters.JUnitReportReporter -->
<testsuite hostname="OmSaiSamarth" failures="0" tests="2" name="com.tcs.loan.bikeloan.testcases.GetProjectByID" time="2.863" errors="0" timestamp="2023-12-17T09:16:09 IST" skipped="0">
  <testcase classname="com.tcs.loan.bikeloan.testcases.GetProjectByID" name="getProjByInvalidId" time="2.442"/>
  <system-out/>
  <testcase classname="com.tcs.loan.bikeloan.testcases.GetProjectByID" name="getProjByValidId" time="0.421"/>
  <system-out/>
</testsuite> <!-- com.tcs.loan.bikeloan.testcases.GetProjectByID -->
