<?xml version="1.0" encoding="UTF-8"?>
<!-- Generated by org.testng.reporters.JUnitReportReporter -->
<testsuite hostname="OmSaiSamarth" failures="0" tests="1" name="com.tcs.loan.bikeloan.testcases.GetAllProjects" time="2.032" errors="0" timestamp="2023-12-17T09:41:52 IST" skipped="0">
  <testcase classname="com.tcs.loan.bikeloan.testcases.GetAllProjects" name="getAllProjects" time="2.032"/>
  <system-out/>
</testsuite> <!-- com.tcs.loan.bikeloan.testcases.GetAllProjects -->
