<?xml version="1.0" encoding="UTF-8"?>
<!-- Generated by org.testng.reporters.JUnitReportReporter -->
<testsuite hostname="OmSaiSamarth" failures="0" tests="1" name="com.tcs.loan.bikeloan.businesslogic.GetAllProjects_BL" time="1.701" errors="0" timestamp="2023-12-23T09:46:34 IST" skipped="0">
  <testcase classname="com.tcs.loan.bikeloan.businesslogic.GetAllProjects_BL" name="getAllProjects" time="1.701"/>
  <system-out/>
</testsuite> <!-- com.tcs.loan.bikeloan.businesslogic.GetAllProjects_BL -->
